[Mon Oct 31 10:36:47 MDT 2022] - INFO passoff.ServerTest: 	Setting up Persistence Test...
[Mon Oct 31 10:36:47 MDT 2022] - INFO client.Proxy: 	Clear called
[Mon Oct 31 10:36:47 MDT 2022] - INFO client.Client: 	Post without Request Body called
[Mon Oct 31 10:36:47 MDT 2022] - INFO client.Client: 	Attempting to open connection to server
[Mon Oct 31 10:36:47 MDT 2022] - INFO client.Client: 	Connection opened to server
[Mon Oct 31 10:36:47 MDT 2022] - INFO client.Client: 	Setting passoffrequest method to POST
[Mon Oct 31 10:36:47 MDT 2022] - INFO client.Client: 	Request method set to POST
[Mon Oct 31 10:36:47 MDT 2022] - INFO client.Client: 	Setting Do Output to true
[Mon Oct 31 10:36:47 MDT 2022] - INFO client.Client: 	Do Output set to true
[Mon Oct 31 10:36:47 MDT 2022] - INFO client.Client: 	Connecting to server
[Mon Oct 31 10:36:47 MDT 2022] - INFO client.Client: 	Connected to server
[Mon Oct 31 10:36:47 MDT 2022] - INFO client.Client: 	Getting response code from server
[Mon Oct 31 10:36:47 MDT 2022] - INFO client.Client: 	Response code 200 returned
[Mon Oct 31 10:36:47 MDT 2022] - INFO client.Client: 	Getting input stream from server
[Mon Oct 31 10:36:47 MDT 2022] - INFO client.Client: 	Reading input stream into a string
[Mon Oct 31 10:36:47 MDT 2022] - INFO passoff.ServerTest: 	Running Persistence Test...
[Mon Oct 31 10:36:47 MDT 2022] - INFO client.Proxy: 	Load called
[Mon Oct 31 10:36:47 MDT 2022] - INFO client.Client: 	Post with Request Body called
[Mon Oct 31 10:36:47 MDT 2022] - INFO client.Client: 	Attempting to open connection to server
[Mon Oct 31 10:36:47 MDT 2022] - INFO client.Client: 	Connection opened to server
[Mon Oct 31 10:36:47 MDT 2022] - INFO client.Client: 	Setting passoffrequest method to POST
[Mon Oct 31 10:36:47 MDT 2022] - INFO client.Client: 	Request method set to POST
[Mon Oct 31 10:36:47 MDT 2022] - INFO client.Client: 	Setting Do Output to true
[Mon Oct 31 10:36:47 MDT 2022] - INFO client.Client: 	Do Output set to true
[Mon Oct 31 10:36:47 MDT 2022] - INFO client.Client: 	Connecting to server
[Mon Oct 31 10:36:47 MDT 2022] - INFO client.Client: 	Connected to server
[Mon Oct 31 10:36:47 MDT 2022] - INFO client.Client: 	Opening output stream to server
[Mon Oct 31 10:36:47 MDT 2022] - INFO client.Client: 	Writing passoffrequest to server output stream
[Mon Oct 31 10:36:47 MDT 2022] - INFO client.Client: 	Request written to server output stream
[Mon Oct 31 10:36:47 MDT 2022] - INFO client.Client: 	Closing output stream to server
[Mon Oct 31 10:36:47 MDT 2022] - INFO client.Client: 	Output stream to server closed
[Mon Oct 31 10:36:47 MDT 2022] - INFO client.Client: 	Getting response code from server
[Mon Oct 31 10:36:47 MDT 2022] - INFO client.Client: 	Response code 200 returned
[Mon Oct 31 10:36:47 MDT 2022] - INFO client.Client: 	Getting input stream from server
[Mon Oct 31 10:36:47 MDT 2022] - INFO client.Client: 	Reading input stream into a string
[Mon Oct 31 10:37:07 MDT 2022] - INFO client.Proxy: 	Login called
[Mon Oct 31 10:37:07 MDT 2022] - INFO client.Client: 	Post with Request Body called
[Mon Oct 31 10:37:07 MDT 2022] - INFO client.Client: 	Attempting to open connection to server
[Mon Oct 31 10:37:07 MDT 2022] - INFO client.Client: 	Connection opened to server
[Mon Oct 31 10:37:07 MDT 2022] - INFO client.Client: 	Setting passoffrequest method to POST
[Mon Oct 31 10:37:07 MDT 2022] - INFO client.Client: 	Request method set to POST
[Mon Oct 31 10:37:07 MDT 2022] - INFO client.Client: 	Setting Do Output to true
[Mon Oct 31 10:37:07 MDT 2022] - INFO client.Client: 	Do Output set to true
[Mon Oct 31 10:37:07 MDT 2022] - INFO client.Client: 	Connecting to server
[Mon Oct 31 10:37:07 MDT 2022] - INFO client.Client: 	Connected to server
[Mon Oct 31 10:37:07 MDT 2022] - INFO client.Client: 	Opening output stream to server
[Mon Oct 31 10:37:07 MDT 2022] - INFO client.Client: 	Writing passoffrequest to server output stream
[Mon Oct 31 10:37:07 MDT 2022] - INFO client.Client: 	Request written to server output stream
[Mon Oct 31 10:37:07 MDT 2022] - INFO client.Client: 	Closing output stream to server
[Mon Oct 31 10:37:07 MDT 2022] - INFO client.Client: 	Output stream to server closed
[Mon Oct 31 10:37:07 MDT 2022] - INFO client.Client: 	Getting response code from server
[Mon Oct 31 10:37:07 MDT 2022] - INFO client.Client: 	Response code 200 returned
[Mon Oct 31 10:37:07 MDT 2022] - INFO client.Client: 	Getting input stream from server
[Mon Oct 31 10:37:07 MDT 2022] - INFO client.Client: 	Reading input stream into a string
[Mon Oct 31 10:37:07 MDT 2022] - INFO client.Proxy: 	Events called
[Mon Oct 31 10:37:07 MDT 2022] - INFO client.Client: 	Get with Auth Token called
[Mon Oct 31 10:37:07 MDT 2022] - INFO client.Client: 	Attempting to open connection to server
[Mon Oct 31 10:37:07 MDT 2022] - INFO client.Client: 	Connection opened to server
[Mon Oct 31 10:37:07 MDT 2022] - INFO client.Client: 	Setting passoffrequest method to GET
[Mon Oct 31 10:37:07 MDT 2022] - INFO client.Client: 	Request method set to GET
[Mon Oct 31 10:37:07 MDT 2022] - INFO client.Client: 	Setting Do Output to false
[Mon Oct 31 10:37:07 MDT 2022] - INFO client.Client: 	Do Output set to false
[Mon Oct 31 10:37:07 MDT 2022] - INFO client.Client: 	Adding Auth token 2faa3647-a507-4740-9faa-a73346601df5
[Mon Oct 31 10:37:07 MDT 2022] - INFO client.Client: 	Auth token set to 2faa3647-a507-4740-9faa-a73346601df5
[Mon Oct 31 10:37:07 MDT 2022] - INFO client.Client: 	Connecting to server
[Mon Oct 31 10:37:07 MDT 2022] - INFO client.Client: 	Connected to server
[Mon Oct 31 10:37:07 MDT 2022] - INFO client.Client: 	Getting response code from server
[Mon Oct 31 10:37:07 MDT 2022] - INFO client.Client: 	Response code 200 returned
[Mon Oct 31 10:37:07 MDT 2022] - INFO client.Client: 	Getting input stream from server
[Mon Oct 31 10:37:07 MDT 2022] - INFO client.Client: 	Reading input stream into a string
[Mon Oct 31 10:37:07 MDT 2022] - INFO client.Proxy: 	Persons called
[Mon Oct 31 10:37:07 MDT 2022] - INFO client.Client: 	Get with Auth Token called
[Mon Oct 31 10:37:07 MDT 2022] - INFO client.Client: 	Attempting to open connection to server
[Mon Oct 31 10:37:07 MDT 2022] - INFO client.Client: 	Connection opened to server
[Mon Oct 31 10:37:07 MDT 2022] - INFO client.Client: 	Setting passoffrequest method to GET
[Mon Oct 31 10:37:07 MDT 2022] - INFO client.Client: 	Request method set to GET
[Mon Oct 31 10:37:07 MDT 2022] - INFO client.Client: 	Setting Do Output to false
[Mon Oct 31 10:37:07 MDT 2022] - INFO client.Client: 	Do Output set to false
[Mon Oct 31 10:37:07 MDT 2022] - INFO client.Client: 	Adding Auth token 2faa3647-a507-4740-9faa-a73346601df5
[Mon Oct 31 10:37:07 MDT 2022] - INFO client.Client: 	Auth token set to 2faa3647-a507-4740-9faa-a73346601df5
[Mon Oct 31 10:37:07 MDT 2022] - INFO client.Client: 	Connecting to server
[Mon Oct 31 10:37:07 MDT 2022] - INFO client.Client: 	Connected to server
[Mon Oct 31 10:37:07 MDT 2022] - INFO client.Client: 	Getting response code from server
[Mon Oct 31 10:37:07 MDT 2022] - INFO client.Client: 	Response code 200 returned
[Mon Oct 31 10:37:07 MDT 2022] - INFO client.Client: 	Getting input stream from server
[Mon Oct 31 10:37:07 MDT 2022] - INFO client.Client: 	Reading input stream into a string
[Mon Oct 31 10:37:07 MDT 2022] - INFO passoff.ServerTest: 	Setting up File Handler Default Test...
[Mon Oct 31 10:37:07 MDT 2022] - INFO client.Proxy: 	Clear called
[Mon Oct 31 10:37:07 MDT 2022] - INFO client.Client: 	Post without Request Body called
[Mon Oct 31 10:37:07 MDT 2022] - INFO client.Client: 	Attempting to open connection to server
[Mon Oct 31 10:37:07 MDT 2022] - INFO client.Client: 	Connection opened to server
[Mon Oct 31 10:37:07 MDT 2022] - INFO client.Client: 	Setting passoffrequest method to POST
[Mon Oct 31 10:37:07 MDT 2022] - INFO client.Client: 	Request method set to POST
[Mon Oct 31 10:37:07 MDT 2022] - INFO client.Client: 	Setting Do Output to true
[Mon Oct 31 10:37:07 MDT 2022] - INFO client.Client: 	Do Output set to true
[Mon Oct 31 10:37:07 MDT 2022] - INFO client.Client: 	Connecting to server
[Mon Oct 31 10:37:07 MDT 2022] - INFO client.Client: 	Connected to server
[Mon Oct 31 10:37:07 MDT 2022] - INFO client.Client: 	Getting response code from server
[Mon Oct 31 10:37:07 MDT 2022] - INFO client.Client: 	Response code 200 returned
[Mon Oct 31 10:37:07 MDT 2022] - INFO client.Client: 	Getting input stream from server
[Mon Oct 31 10:37:07 MDT 2022] - INFO client.Client: 	Reading input stream into a string
[Mon Oct 31 10:37:07 MDT 2022] - INFO passoff.ServerTest: 	Running File Handler Default Test...
[Mon Oct 31 10:37:07 MDT 2022] - INFO client.Proxy: 	File called
[Mon Oct 31 10:37:07 MDT 2022] - INFO client.Client: 	Get without Auth Token called
[Mon Oct 31 10:37:07 MDT 2022] - INFO client.Client: 	Attempting to open connection to server
[Mon Oct 31 10:37:07 MDT 2022] - INFO client.Client: 	Connection opened to server
[Mon Oct 31 10:37:07 MDT 2022] - INFO client.Client: 	Setting passoffrequest method to GET
[Mon Oct 31 10:37:07 MDT 2022] - INFO client.Client: 	Request method set to GET
[Mon Oct 31 10:37:07 MDT 2022] - INFO client.Client: 	Setting Do Output to false
[Mon Oct 31 10:37:07 MDT 2022] - INFO client.Client: 	Do Output set to false
[Mon Oct 31 10:37:07 MDT 2022] - INFO client.Client: 	Connecting to server
[Mon Oct 31 10:37:07 MDT 2022] - INFO client.Client: 	Connected to server
[Mon Oct 31 10:37:07 MDT 2022] - INFO client.Client: 	Getting response code from server
[Mon Oct 31 10:37:07 MDT 2022] - INFO client.Client: 	Response code 200 returned
[Mon Oct 31 10:37:07 MDT 2022] - INFO client.Client: 	Getting input stream from server
[Mon Oct 31 10:37:07 MDT 2022] - INFO client.Client: 	Reading input stream into a string
[Mon Oct 31 10:37:07 MDT 2022] - INFO passoff.ServerTest: 	Setting up Realistic Fill Death Test...
[Mon Oct 31 10:37:07 MDT 2022] - INFO client.Proxy: 	Clear called
[Mon Oct 31 10:37:07 MDT 2022] - INFO client.Client: 	Post without Request Body called
[Mon Oct 31 10:37:07 MDT 2022] - INFO client.Client: 	Attempting to open connection to server
[Mon Oct 31 10:37:07 MDT 2022] - INFO client.Client: 	Connection opened to server
[Mon Oct 31 10:37:07 MDT 2022] - INFO client.Client: 	Setting passoffrequest method to POST
[Mon Oct 31 10:37:07 MDT 2022] - INFO client.Client: 	Request method set to POST
[Mon Oct 31 10:37:07 MDT 2022] - INFO client.Client: 	Setting Do Output to true
[Mon Oct 31 10:37:07 MDT 2022] - INFO client.Client: 	Do Output set to true
[Mon Oct 31 10:37:07 MDT 2022] - INFO client.Client: 	Connecting to server
[Mon Oct 31 10:37:07 MDT 2022] - INFO client.Client: 	Connected to server
[Mon Oct 31 10:37:07 MDT 2022] - INFO client.Client: 	Getting response code from server
[Mon Oct 31 10:37:07 MDT 2022] - INFO client.Client: 	Response code 200 returned
[Mon Oct 31 10:37:07 MDT 2022] - INFO client.Client: 	Getting input stream from server
[Mon Oct 31 10:37:07 MDT 2022] - INFO client.Client: 	Reading input stream into a string
[Mon Oct 31 10:37:07 MDT 2022] - INFO passoff.ServerTest: 	Running Realistic Fill Death Test...
[Mon Oct 31 10:37:07 MDT 2022] - INFO client.Proxy: 	Register called
[Mon Oct 31 10:37:07 MDT 2022] - INFO client.Client: 	Post with Request Body called
[Mon Oct 31 10:37:07 MDT 2022] - INFO client.Client: 	Attempting to open connection to server
[Mon Oct 31 10:37:07 MDT 2022] - INFO client.Client: 	Connection opened to server
[Mon Oct 31 10:37:07 MDT 2022] - INFO client.Client: 	Setting passoffrequest method to POST
[Mon Oct 31 10:37:07 MDT 2022] - INFO client.Client: 	Request method set to POST
[Mon Oct 31 10:37:07 MDT 2022] - INFO client.Client: 	Setting Do Output to true
[Mon Oct 31 10:37:07 MDT 2022] - INFO client.Client: 	Do Output set to true
[Mon Oct 31 10:37:07 MDT 2022] - INFO client.Client: 	Connecting to server
[Mon Oct 31 10:37:07 MDT 2022] - INFO client.Client: 	Connected to server
[Mon Oct 31 10:37:07 MDT 2022] - INFO client.Client: 	Opening output stream to server
[Mon Oct 31 10:37:07 MDT 2022] - INFO client.Client: 	Writing passoffrequest to server output stream
[Mon Oct 31 10:37:07 MDT 2022] - INFO client.Client: 	Request written to server output stream
[Mon Oct 31 10:37:07 MDT 2022] - INFO client.Client: 	Closing output stream to server
[Mon Oct 31 10:37:07 MDT 2022] - INFO client.Client: 	Output stream to server closed
[Mon Oct 31 10:37:07 MDT 2022] - INFO client.Client: 	Getting response code from server
[Mon Oct 31 10:37:07 MDT 2022] - INFO client.Client: 	Response code 200 returned
[Mon Oct 31 10:37:07 MDT 2022] - INFO client.Client: 	Getting input stream from server
[Mon Oct 31 10:37:07 MDT 2022] - INFO client.Client: 	Reading input stream into a string
[Mon Oct 31 10:37:07 MDT 2022] - INFO client.Proxy: 	Persons called
[Mon Oct 31 10:37:07 MDT 2022] - INFO client.Client: 	Get with Auth Token called
[Mon Oct 31 10:37:07 MDT 2022] - INFO client.Client: 	Attempting to open connection to server
[Mon Oct 31 10:37:07 MDT 2022] - INFO client.Client: 	Connection opened to server
[Mon Oct 31 10:37:07 MDT 2022] - INFO client.Client: 	Setting passoffrequest method to GET
[Mon Oct 31 10:37:07 MDT 2022] - INFO client.Client: 	Request method set to GET
[Mon Oct 31 10:37:07 MDT 2022] - INFO client.Client: 	Setting Do Output to false
[Mon Oct 31 10:37:07 MDT 2022] - INFO client.Client: 	Do Output set to false
[Mon Oct 31 10:37:07 MDT 2022] - INFO client.Client: 	Adding Auth token e6b4e712-e03f-48f9-aae6-14f42afce67b
[Mon Oct 31 10:37:07 MDT 2022] - INFO client.Client: 	Auth token set to e6b4e712-e03f-48f9-aae6-14f42afce67b
[Mon Oct 31 10:37:07 MDT 2022] - INFO client.Client: 	Connecting to server
[Mon Oct 31 10:37:07 MDT 2022] - INFO client.Client: 	Connected to server
[Mon Oct 31 10:37:07 MDT 2022] - INFO client.Client: 	Getting response code from server
[Mon Oct 31 10:37:07 MDT 2022] - INFO client.Client: 	Response code 200 returned
[Mon Oct 31 10:37:07 MDT 2022] - INFO client.Client: 	Getting input stream from server
[Mon Oct 31 10:37:07 MDT 2022] - INFO client.Client: 	Reading input stream into a string
[Mon Oct 31 10:37:07 MDT 2022] - INFO client.Proxy: 	Events called
[Mon Oct 31 10:37:07 MDT 2022] - INFO client.Client: 	Get with Auth Token called
[Mon Oct 31 10:37:07 MDT 2022] - INFO client.Client: 	Attempting to open connection to server
[Mon Oct 31 10:37:07 MDT 2022] - INFO client.Client: 	Connection opened to server
[Mon Oct 31 10:37:07 MDT 2022] - INFO client.Client: 	Setting passoffrequest method to GET
[Mon Oct 31 10:37:07 MDT 2022] - INFO client.Client: 	Request method set to GET
[Mon Oct 31 10:37:07 MDT 2022] - INFO client.Client: 	Setting Do Output to false
[Mon Oct 31 10:37:07 MDT 2022] - INFO client.Client: 	Do Output set to false
[Mon Oct 31 10:37:07 MDT 2022] - INFO client.Client: 	Adding Auth token e6b4e712-e03f-48f9-aae6-14f42afce67b
[Mon Oct 31 10:37:07 MDT 2022] - INFO client.Client: 	Auth token set to e6b4e712-e03f-48f9-aae6-14f42afce67b
[Mon Oct 31 10:37:07 MDT 2022] - INFO client.Client: 	Connecting to server
[Mon Oct 31 10:37:07 MDT 2022] - INFO client.Client: 	Connected to server
[Mon Oct 31 10:37:07 MDT 2022] - INFO client.Client: 	Getting response code from server
[Mon Oct 31 10:37:07 MDT 2022] - INFO client.Client: 	Response code 200 returned
[Mon Oct 31 10:37:07 MDT 2022] - INFO client.Client: 	Getting input stream from server
[Mon Oct 31 10:37:07 MDT 2022] - INFO client.Client: 	Reading input stream into a string
[Mon Oct 31 10:37:07 MDT 2022] - INFO passoff.ServerTest: 	Setting up Login Invalid User Test...
[Mon Oct 31 10:37:07 MDT 2022] - INFO client.Proxy: 	Clear called
[Mon Oct 31 10:37:07 MDT 2022] - INFO client.Client: 	Post without Request Body called
[Mon Oct 31 10:37:07 MDT 2022] - INFO client.Client: 	Attempting to open connection to server
[Mon Oct 31 10:37:07 MDT 2022] - INFO client.Client: 	Connection opened to server
[Mon Oct 31 10:37:07 MDT 2022] - INFO client.Client: 	Setting passoffrequest method to POST
[Mon Oct 31 10:37:07 MDT 2022] - INFO client.Client: 	Request method set to POST
[Mon Oct 31 10:37:07 MDT 2022] - INFO client.Client: 	Setting Do Output to true
[Mon Oct 31 10:37:07 MDT 2022] - INFO client.Client: 	Do Output set to true
[Mon Oct 31 10:37:07 MDT 2022] - INFO client.Client: 	Connecting to server
[Mon Oct 31 10:37:07 MDT 2022] - INFO client.Client: 	Connected to server
[Mon Oct 31 10:37:07 MDT 2022] - INFO client.Client: 	Getting response code from server
[Mon Oct 31 10:37:07 MDT 2022] - INFO client.Client: 	Response code 200 returned
[Mon Oct 31 10:37:07 MDT 2022] - INFO client.Client: 	Getting input stream from server
[Mon Oct 31 10:37:07 MDT 2022] - INFO client.Client: 	Reading input stream into a string
[Mon Oct 31 10:37:07 MDT 2022] - INFO passoff.ServerTest: 	Running Login Invalid User Test...
[Mon Oct 31 10:37:07 MDT 2022] - INFO client.Proxy: 	Register called
[Mon Oct 31 10:37:07 MDT 2022] - INFO client.Client: 	Post with Request Body called
[Mon Oct 31 10:37:07 MDT 2022] - INFO client.Client: 	Attempting to open connection to server
[Mon Oct 31 10:37:07 MDT 2022] - INFO client.Client: 	Connection opened to server
[Mon Oct 31 10:37:07 MDT 2022] - INFO client.Client: 	Setting passoffrequest method to POST
[Mon Oct 31 10:37:07 MDT 2022] - INFO client.Client: 	Request method set to POST
[Mon Oct 31 10:37:07 MDT 2022] - INFO client.Client: 	Setting Do Output to true
[Mon Oct 31 10:37:07 MDT 2022] - INFO client.Client: 	Do Output set to true
[Mon Oct 31 10:37:07 MDT 2022] - INFO client.Client: 	Connecting to server
[Mon Oct 31 10:37:07 MDT 2022] - INFO client.Client: 	Connected to server
[Mon Oct 31 10:37:07 MDT 2022] - INFO client.Client: 	Opening output stream to server
[Mon Oct 31 10:37:07 MDT 2022] - INFO client.Client: 	Writing passoffrequest to server output stream
[Mon Oct 31 10:37:07 MDT 2022] - INFO client.Client: 	Request written to server output stream
[Mon Oct 31 10:37:07 MDT 2022] - INFO client.Client: 	Closing output stream to server
[Mon Oct 31 10:37:07 MDT 2022] - INFO client.Client: 	Output stream to server closed
[Mon Oct 31 10:37:07 MDT 2022] - INFO client.Client: 	Getting response code from server
[Mon Oct 31 10:37:07 MDT 2022] - INFO client.Client: 	Response code 200 returned
[Mon Oct 31 10:37:07 MDT 2022] - INFO client.Client: 	Getting input stream from server
[Mon Oct 31 10:37:07 MDT 2022] - INFO client.Client: 	Reading input stream into a string
[Mon Oct 31 10:37:07 MDT 2022] - INFO client.Proxy: 	Login called
[Mon Oct 31 10:37:07 MDT 2022] - INFO client.Client: 	Post with Request Body called
[Mon Oct 31 10:37:07 MDT 2022] - INFO client.Client: 	Attempting to open connection to server
[Mon Oct 31 10:37:07 MDT 2022] - INFO client.Client: 	Connection opened to server
[Mon Oct 31 10:37:07 MDT 2022] - INFO client.Client: 	Setting passoffrequest method to POST
[Mon Oct 31 10:37:07 MDT 2022] - INFO client.Client: 	Request method set to POST
[Mon Oct 31 10:37:07 MDT 2022] - INFO client.Client: 	Setting Do Output to true
[Mon Oct 31 10:37:07 MDT 2022] - INFO client.Client: 	Do Output set to true
[Mon Oct 31 10:37:07 MDT 2022] - INFO client.Client: 	Connecting to server
[Mon Oct 31 10:37:07 MDT 2022] - INFO client.Client: 	Connected to server
[Mon Oct 31 10:37:07 MDT 2022] - INFO client.Client: 	Opening output stream to server
[Mon Oct 31 10:37:07 MDT 2022] - INFO client.Client: 	Writing passoffrequest to server output stream
[Mon Oct 31 10:37:07 MDT 2022] - INFO client.Client: 	Request written to server output stream
[Mon Oct 31 10:37:07 MDT 2022] - INFO client.Client: 	Closing output stream to server
[Mon Oct 31 10:37:07 MDT 2022] - INFO client.Client: 	Output stream to server closed
[Mon Oct 31 10:37:07 MDT 2022] - INFO client.Client: 	Getting response code from server
[Mon Oct 31 10:37:07 MDT 2022] - INFO passoff.ServerTest: 	Setting up Load Valid Info Test...
[Mon Oct 31 10:37:07 MDT 2022] - INFO client.Proxy: 	Clear called
[Mon Oct 31 10:37:07 MDT 2022] - INFO client.Client: 	Post without Request Body called
[Mon Oct 31 10:37:07 MDT 2022] - INFO client.Client: 	Attempting to open connection to server
[Mon Oct 31 10:37:07 MDT 2022] - INFO client.Client: 	Connection opened to server
[Mon Oct 31 10:37:07 MDT 2022] - INFO client.Client: 	Setting passoffrequest method to POST
[Mon Oct 31 10:37:07 MDT 2022] - INFO client.Client: 	Request method set to POST
[Mon Oct 31 10:37:07 MDT 2022] - INFO client.Client: 	Setting Do Output to true
[Mon Oct 31 10:37:07 MDT 2022] - INFO client.Client: 	Do Output set to true
[Mon Oct 31 10:37:07 MDT 2022] - INFO client.Client: 	Connecting to server
[Mon Oct 31 10:37:07 MDT 2022] - INFO client.Client: 	Connected to server
[Mon Oct 31 10:37:07 MDT 2022] - INFO client.Client: 	Getting response code from server
[Mon Oct 31 10:37:11 MDT 2022] - INFO client.Client: 	Response code 200 returned
[Mon Oct 31 10:37:11 MDT 2022] - INFO client.Client: 	Getting input stream from server
[Mon Oct 31 10:37:11 MDT 2022] - INFO client.Client: 	Reading input stream into a string
[Mon Oct 31 10:37:11 MDT 2022] - INFO passoff.ServerTest: 	Running Load Valid Info Test...
[Mon Oct 31 10:37:11 MDT 2022] - INFO client.Proxy: 	Load called
[Mon Oct 31 10:37:11 MDT 2022] - INFO client.Client: 	Post with Request Body called
[Mon Oct 31 10:37:11 MDT 2022] - INFO client.Client: 	Attempting to open connection to server
[Mon Oct 31 10:37:11 MDT 2022] - INFO client.Client: 	Connection opened to server
[Mon Oct 31 10:37:11 MDT 2022] - INFO client.Client: 	Setting passoffrequest method to POST
[Mon Oct 31 10:37:11 MDT 2022] - INFO client.Client: 	Request method set to POST
[Mon Oct 31 10:37:11 MDT 2022] - INFO client.Client: 	Setting Do Output to true
[Mon Oct 31 10:37:11 MDT 2022] - INFO client.Client: 	Do Output set to true
[Mon Oct 31 10:37:11 MDT 2022] - INFO client.Client: 	Connecting to server
[Mon Oct 31 10:37:11 MDT 2022] - INFO client.Client: 	Connected to server
[Mon Oct 31 10:37:11 MDT 2022] - INFO client.Client: 	Opening output stream to server
[Mon Oct 31 10:37:11 MDT 2022] - INFO client.Client: 	Writing passoffrequest to server output stream
[Mon Oct 31 10:37:11 MDT 2022] - INFO client.Client: 	Request written to server output stream
[Mon Oct 31 10:37:11 MDT 2022] - INFO client.Client: 	Closing output stream to server
[Mon Oct 31 10:37:11 MDT 2022] - INFO client.Client: 	Output stream to server closed
[Mon Oct 31 10:37:11 MDT 2022] - INFO client.Client: 	Getting response code from server
[Mon Oct 31 10:37:15 MDT 2022] - INFO client.Client: 	Response code 400 returned
[Mon Oct 31 10:37:15 MDT 2022] - INFO client.Client: 	Getting input stream from server
[Mon Oct 31 10:37:15 MDT 2022] - INFO client.Client: 	Reading input stream into a string
[Mon Oct 31 10:37:15 MDT 2022] - INFO client.Proxy: 	Login called
[Mon Oct 31 10:37:15 MDT 2022] - INFO client.Client: 	Post with Request Body called
[Mon Oct 31 10:37:15 MDT 2022] - INFO client.Client: 	Attempting to open connection to server
[Mon Oct 31 10:37:15 MDT 2022] - INFO client.Client: 	Connection opened to server
[Mon Oct 31 10:37:15 MDT 2022] - INFO client.Client: 	Setting passoffrequest method to POST
[Mon Oct 31 10:37:15 MDT 2022] - INFO client.Client: 	Request method set to POST
[Mon Oct 31 10:37:15 MDT 2022] - INFO client.Client: 	Setting Do Output to true
[Mon Oct 31 10:37:15 MDT 2022] - INFO client.Client: 	Do Output set to true
[Mon Oct 31 10:37:15 MDT 2022] - INFO client.Client: 	Connecting to server
[Mon Oct 31 10:37:15 MDT 2022] - INFO client.Client: 	Connected to server
[Mon Oct 31 10:37:15 MDT 2022] - INFO client.Client: 	Opening output stream to server
[Mon Oct 31 10:37:15 MDT 2022] - INFO client.Client: 	Writing passoffrequest to server output stream
[Mon Oct 31 10:37:15 MDT 2022] - INFO client.Client: 	Request written to server output stream
[Mon Oct 31 10:37:15 MDT 2022] - INFO client.Client: 	Closing output stream to server
[Mon Oct 31 10:37:15 MDT 2022] - INFO client.Client: 	Output stream to server closed
[Mon Oct 31 10:37:15 MDT 2022] - INFO client.Client: 	Getting response code from server
[Mon Oct 31 10:37:25 MDT 2022] - INFO passoff.ServerTest: 	Setting up Valid Fill Relationships Test...
[Mon Oct 31 10:37:25 MDT 2022] - INFO client.Proxy: 	Clear called
[Mon Oct 31 10:37:25 MDT 2022] - INFO client.Client: 	Post without Request Body called
[Mon Oct 31 10:37:25 MDT 2022] - INFO client.Client: 	Attempting to open connection to server
[Mon Oct 31 10:37:25 MDT 2022] - INFO client.Client: 	Connection opened to server
[Mon Oct 31 10:37:25 MDT 2022] - INFO client.Client: 	Setting passoffrequest method to POST
[Mon Oct 31 10:37:25 MDT 2022] - INFO client.Client: 	Request method set to POST
[Mon Oct 31 10:37:25 MDT 2022] - INFO client.Client: 	Setting Do Output to true
[Mon Oct 31 10:37:25 MDT 2022] - INFO client.Client: 	Do Output set to true
[Mon Oct 31 10:37:25 MDT 2022] - INFO client.Client: 	Connecting to server
[Mon Oct 31 10:37:25 MDT 2022] - INFO client.Client: 	Connected to server
[Mon Oct 31 10:37:25 MDT 2022] - INFO client.Client: 	Getting response code from server
[Mon Oct 31 10:37:34 MDT 2022] - INFO passoff.ServerTest: 	Setting up Login Invalid Password Test...
[Mon Oct 31 10:37:34 MDT 2022] - INFO client.Proxy: 	Clear called
[Mon Oct 31 10:37:34 MDT 2022] - INFO client.Client: 	Post without Request Body called
[Mon Oct 31 10:37:34 MDT 2022] - INFO client.Client: 	Attempting to open connection to server
[Mon Oct 31 10:37:34 MDT 2022] - INFO client.Client: 	Connection opened to server
[Mon Oct 31 10:37:34 MDT 2022] - INFO client.Client: 	Setting passoffrequest method to POST
[Mon Oct 31 10:37:34 MDT 2022] - INFO client.Client: 	Request method set to POST
[Mon Oct 31 10:37:34 MDT 2022] - INFO client.Client: 	Setting Do Output to true
[Mon Oct 31 10:37:34 MDT 2022] - INFO client.Client: 	Do Output set to true
[Mon Oct 31 10:37:34 MDT 2022] - INFO client.Client: 	Connecting to server
[Mon Oct 31 10:37:34 MDT 2022] - INFO client.Client: 	Connected to server
[Mon Oct 31 10:37:34 MDT 2022] - INFO client.Client: 	Getting response code from server
[Mon Oct 31 10:37:44 MDT 2022] - INFO passoff.ServerTest: 	Setting up Events Bad Auth Token Test...
[Mon Oct 31 10:37:44 MDT 2022] - INFO client.Proxy: 	Clear called
[Mon Oct 31 10:37:44 MDT 2022] - INFO client.Client: 	Post without Request Body called
[Mon Oct 31 10:37:44 MDT 2022] - INFO client.Client: 	Attempting to open connection to server
[Mon Oct 31 10:37:44 MDT 2022] - INFO client.Client: 	Connection opened to server
[Mon Oct 31 10:37:44 MDT 2022] - INFO client.Client: 	Setting passoffrequest method to POST
[Mon Oct 31 10:37:44 MDT 2022] - INFO client.Client: 	Request method set to POST
[Mon Oct 31 10:37:44 MDT 2022] - INFO client.Client: 	Setting Do Output to true
[Mon Oct 31 10:37:44 MDT 2022] - INFO client.Client: 	Do Output set to true
[Mon Oct 31 10:37:44 MDT 2022] - INFO client.Client: 	Connecting to server
[Mon Oct 31 10:37:44 MDT 2022] - INFO client.Client: 	Connected to server
[Mon Oct 31 10:37:44 MDT 2022] - INFO client.Client: 	Getting response code from server
[Mon Oct 31 10:37:53 MDT 2022] - INFO passoff.ServerTest: 	Setting up Clear Test...
[Mon Oct 31 10:37:53 MDT 2022] - INFO client.Proxy: 	Clear called
[Mon Oct 31 10:37:53 MDT 2022] - INFO client.Client: 	Post without Request Body called
[Mon Oct 31 10:37:53 MDT 2022] - INFO client.Client: 	Attempting to open connection to server
[Mon Oct 31 10:37:53 MDT 2022] - INFO client.Client: 	Connection opened to server
[Mon Oct 31 10:37:53 MDT 2022] - INFO client.Client: 	Setting passoffrequest method to POST
[Mon Oct 31 10:37:53 MDT 2022] - INFO client.Client: 	Request method set to POST
[Mon Oct 31 10:37:53 MDT 2022] - INFO client.Client: 	Setting Do Output to true
[Mon Oct 31 10:37:53 MDT 2022] - INFO client.Client: 	Do Output set to true
[Mon Oct 31 10:37:53 MDT 2022] - INFO client.Client: 	Connecting to server
[Mon Oct 31 10:37:53 MDT 2022] - INFO client.Client: 	Connected to server
[Mon Oct 31 10:37:53 MDT 2022] - INFO client.Client: 	Getting response code from server
[Mon Oct 31 10:38:02 MDT 2022] - INFO passoff.ServerTest: 	Setting up Event Bad Auth Token Test...
[Mon Oct 31 10:38:02 MDT 2022] - INFO client.Proxy: 	Clear called
[Mon Oct 31 10:38:02 MDT 2022] - INFO client.Client: 	Post without Request Body called
[Mon Oct 31 10:38:02 MDT 2022] - INFO client.Client: 	Attempting to open connection to server
[Mon Oct 31 10:38:02 MDT 2022] - INFO client.Client: 	Connection opened to server
[Mon Oct 31 10:38:02 MDT 2022] - INFO client.Client: 	Setting passoffrequest method to POST
[Mon Oct 31 10:38:02 MDT 2022] - INFO client.Client: 	Request method set to POST
[Mon Oct 31 10:38:02 MDT 2022] - INFO client.Client: 	Setting Do Output to true
[Mon Oct 31 10:38:02 MDT 2022] - INFO client.Client: 	Do Output set to true
[Mon Oct 31 10:38:02 MDT 2022] - INFO client.Client: 	Connecting to server
[Mon Oct 31 10:38:02 MDT 2022] - INFO client.Client: 	Connected to server
[Mon Oct 31 10:38:02 MDT 2022] - INFO client.Client: 	Getting response code from server
[Mon Oct 31 10:38:12 MDT 2022] - INFO passoff.ServerTest: 	Setting up Realistic Fill Marriage Test...
[Mon Oct 31 10:38:12 MDT 2022] - INFO client.Proxy: 	Clear called
[Mon Oct 31 10:38:12 MDT 2022] - INFO client.Client: 	Post without Request Body called
[Mon Oct 31 10:38:12 MDT 2022] - INFO client.Client: 	Attempting to open connection to server
[Mon Oct 31 10:38:12 MDT 2022] - INFO client.Client: 	Connection opened to server
[Mon Oct 31 10:38:12 MDT 2022] - INFO client.Client: 	Setting passoffrequest method to POST
[Mon Oct 31 10:38:12 MDT 2022] - INFO client.Client: 	Request method set to POST
[Mon Oct 31 10:38:12 MDT 2022] - INFO client.Client: 	Setting Do Output to true
[Mon Oct 31 10:38:12 MDT 2022] - INFO client.Client: 	Do Output set to true
[Mon Oct 31 10:38:12 MDT 2022] - INFO client.Client: 	Connecting to server
[Mon Oct 31 10:38:12 MDT 2022] - INFO client.Client: 	Connected to server
[Mon Oct 31 10:38:12 MDT 2022] - INFO client.Client: 	Getting response code from server
[Mon Oct 31 10:38:21 MDT 2022] - INFO passoff.ServerTest: 	Setting up Person Wrong User Test...
[Mon Oct 31 10:38:21 MDT 2022] - INFO client.Proxy: 	Clear called
[Mon Oct 31 10:38:21 MDT 2022] - INFO client.Client: 	Post without Request Body called
[Mon Oct 31 10:38:21 MDT 2022] - INFO client.Client: 	Attempting to open connection to server
[Mon Oct 31 10:38:21 MDT 2022] - INFO client.Client: 	Connection opened to server
[Mon Oct 31 10:38:21 MDT 2022] - INFO client.Client: 	Setting passoffrequest method to POST
[Mon Oct 31 10:38:21 MDT 2022] - INFO client.Client: 	Request method set to POST
[Mon Oct 31 10:38:21 MDT 2022] - INFO client.Client: 	Setting Do Output to true
[Mon Oct 31 10:38:21 MDT 2022] - INFO client.Client: 	Do Output set to true
[Mon Oct 31 10:38:21 MDT 2022] - INFO client.Client: 	Connecting to server
[Mon Oct 31 10:38:21 MDT 2022] - INFO client.Client: 	Connected to server
[Mon Oct 31 10:38:21 MDT 2022] - INFO client.Client: 	Getting response code from server
[Mon Oct 31 10:38:30 MDT 2022] - INFO passoff.ServerTest: 	Setting up Person Bad Auth Token Test...
[Mon Oct 31 10:38:30 MDT 2022] - INFO client.Proxy: 	Clear called
[Mon Oct 31 10:38:30 MDT 2022] - INFO client.Client: 	Post without Request Body called
[Mon Oct 31 10:38:30 MDT 2022] - INFO client.Client: 	Attempting to open connection to server
[Mon Oct 31 10:38:30 MDT 2022] - INFO client.Client: 	Connection opened to server
[Mon Oct 31 10:38:30 MDT 2022] - INFO client.Client: 	Setting passoffrequest method to POST
[Mon Oct 31 10:38:30 MDT 2022] - INFO client.Client: 	Request method set to POST
[Mon Oct 31 10:38:30 MDT 2022] - INFO client.Client: 	Setting Do Output to true
[Mon Oct 31 10:38:30 MDT 2022] - INFO client.Client: 	Do Output set to true
[Mon Oct 31 10:38:30 MDT 2022] - INFO client.Client: 	Connecting to server
[Mon Oct 31 10:38:30 MDT 2022] - INFO client.Client: 	Connected to server
[Mon Oct 31 10:38:30 MDT 2022] - INFO client.Client: 	Getting response code from server
[Mon Oct 31 10:38:39 MDT 2022] - INFO passoff.ServerTest: 	Setting up Event Valid Test...
[Mon Oct 31 10:38:39 MDT 2022] - INFO client.Proxy: 	Clear called
[Mon Oct 31 10:38:39 MDT 2022] - INFO client.Client: 	Post without Request Body called
[Mon Oct 31 10:38:39 MDT 2022] - INFO client.Client: 	Attempting to open connection to server
[Mon Oct 31 10:38:39 MDT 2022] - INFO client.Client: 	Connection opened to server
[Mon Oct 31 10:38:39 MDT 2022] - INFO client.Client: 	Setting passoffrequest method to POST
[Mon Oct 31 10:38:39 MDT 2022] - INFO client.Client: 	Request method set to POST
[Mon Oct 31 10:38:39 MDT 2022] - INFO client.Client: 	Setting Do Output to true
[Mon Oct 31 10:38:39 MDT 2022] - INFO client.Client: 	Do Output set to true
[Mon Oct 31 10:38:39 MDT 2022] - INFO client.Client: 	Connecting to server
[Mon Oct 31 10:38:39 MDT 2022] - INFO client.Client: 	Connected to server
[Mon Oct 31 10:38:39 MDT 2022] - INFO client.Client: 	Getting response code from server
[Mon Oct 31 10:38:49 MDT 2022] - INFO passoff.ServerTest: 	Setting up Fill 2 Valid Test...
[Mon Oct 31 10:38:49 MDT 2022] - INFO client.Proxy: 	Clear called
[Mon Oct 31 10:38:49 MDT 2022] - INFO client.Client: 	Post without Request Body called
[Mon Oct 31 10:38:49 MDT 2022] - INFO client.Client: 	Attempting to open connection to server
[Mon Oct 31 10:38:49 MDT 2022] - INFO client.Client: 	Connection opened to server
[Mon Oct 31 10:38:49 MDT 2022] - INFO client.Client: 	Setting passoffrequest method to POST
[Mon Oct 31 10:38:49 MDT 2022] - INFO client.Client: 	Request method set to POST
[Mon Oct 31 10:38:49 MDT 2022] - INFO client.Client: 	Setting Do Output to true
[Mon Oct 31 10:38:49 MDT 2022] - INFO client.Client: 	Do Output set to true
[Mon Oct 31 10:38:49 MDT 2022] - INFO client.Client: 	Connecting to server
[Mon Oct 31 10:38:49 MDT 2022] - INFO client.Client: 	Connected to server
[Mon Oct 31 10:38:49 MDT 2022] - INFO client.Client: 	Getting response code from server
[Mon Oct 31 10:38:58 MDT 2022] - INFO passoff.ServerTest: 	Setting up Fill 4 Valid Test...
[Mon Oct 31 10:38:58 MDT 2022] - INFO client.Proxy: 	Clear called
[Mon Oct 31 10:38:58 MDT 2022] - INFO client.Client: 	Post without Request Body called
[Mon Oct 31 10:38:58 MDT 2022] - INFO client.Client: 	Attempting to open connection to server
[Mon Oct 31 10:38:58 MDT 2022] - INFO client.Client: 	Connection opened to server
[Mon Oct 31 10:38:58 MDT 2022] - INFO client.Client: 	Setting passoffrequest method to POST
[Mon Oct 31 10:38:58 MDT 2022] - INFO client.Client: 	Request method set to POST
[Mon Oct 31 10:38:58 MDT 2022] - INFO client.Client: 	Setting Do Output to true
[Mon Oct 31 10:38:58 MDT 2022] - INFO client.Client: 	Do Output set to true
[Mon Oct 31 10:38:58 MDT 2022] - INFO client.Client: 	Connecting to server
[Mon Oct 31 10:38:58 MDT 2022] - INFO client.Client: 	Connected to server
[Mon Oct 31 10:38:58 MDT 2022] - INFO client.Client: 	Getting response code from server
[Mon Oct 31 10:39:07 MDT 2022] - INFO passoff.ServerTest: 	Setting up Fill 5 Valid Test...
[Mon Oct 31 10:39:07 MDT 2022] - INFO client.Proxy: 	Clear called
[Mon Oct 31 10:39:07 MDT 2022] - INFO client.Client: 	Post without Request Body called
[Mon Oct 31 10:39:07 MDT 2022] - INFO client.Client: 	Attempting to open connection to server
[Mon Oct 31 10:39:07 MDT 2022] - INFO client.Client: 	Connection opened to server
[Mon Oct 31 10:39:07 MDT 2022] - INFO client.Client: 	Setting passoffrequest method to POST
[Mon Oct 31 10:39:07 MDT 2022] - INFO client.Client: 	Request method set to POST
[Mon Oct 31 10:39:07 MDT 2022] - INFO client.Client: 	Setting Do Output to true
[Mon Oct 31 10:39:07 MDT 2022] - INFO client.Client: 	Do Output set to true
[Mon Oct 31 10:39:07 MDT 2022] - INFO client.Client: 	Connecting to server
[Mon Oct 31 10:39:07 MDT 2022] - INFO client.Client: 	Connected to server
[Mon Oct 31 10:39:07 MDT 2022] - INFO client.Client: 	Getting response code from server
[Mon Oct 31 10:39:16 MDT 2022] - INFO passoff.ServerTest: 	Setting up Persons Valid Test...
[Mon Oct 31 10:39:16 MDT 2022] - INFO client.Proxy: 	Clear called
[Mon Oct 31 10:39:16 MDT 2022] - INFO client.Client: 	Post without Request Body called
[Mon Oct 31 10:39:16 MDT 2022] - INFO client.Client: 	Attempting to open connection to server
[Mon Oct 31 10:39:16 MDT 2022] - INFO client.Client: 	Connection opened to server
[Mon Oct 31 10:39:16 MDT 2022] - INFO client.Client: 	Setting passoffrequest method to POST
[Mon Oct 31 10:39:16 MDT 2022] - INFO client.Client: 	Request method set to POST
[Mon Oct 31 10:39:16 MDT 2022] - INFO client.Client: 	Setting Do Output to true
[Mon Oct 31 10:39:16 MDT 2022] - INFO client.Client: 	Do Output set to true
[Mon Oct 31 10:39:16 MDT 2022] - INFO client.Client: 	Connecting to server
[Mon Oct 31 10:39:16 MDT 2022] - INFO client.Client: 	Connected to server
[Mon Oct 31 10:39:16 MDT 2022] - INFO client.Client: 	Getting response code from server
[Mon Oct 31 10:39:26 MDT 2022] - INFO passoff.ServerTest: 	Setting up Load Valid Test...
[Mon Oct 31 10:39:26 MDT 2022] - INFO client.Proxy: 	Clear called
[Mon Oct 31 10:39:26 MDT 2022] - INFO client.Client: 	Post without Request Body called
[Mon Oct 31 10:39:26 MDT 2022] - INFO client.Client: 	Attempting to open connection to server
[Mon Oct 31 10:39:26 MDT 2022] - INFO client.Client: 	Connection opened to server
[Mon Oct 31 10:39:26 MDT 2022] - INFO client.Client: 	Setting passoffrequest method to POST
[Mon Oct 31 10:39:26 MDT 2022] - INFO client.Client: 	Request method set to POST
[Mon Oct 31 10:39:26 MDT 2022] - INFO client.Client: 	Setting Do Output to true
[Mon Oct 31 10:39:26 MDT 2022] - INFO client.Client: 	Do Output set to true
[Mon Oct 31 10:39:26 MDT 2022] - INFO client.Client: 	Connecting to server
[Mon Oct 31 10:39:26 MDT 2022] - INFO client.Client: 	Connected to server
[Mon Oct 31 10:39:26 MDT 2022] - INFO client.Client: 	Getting response code from server
[Mon Oct 31 10:39:35 MDT 2022] - INFO passoff.ServerTest: 	Setting up Re-Register User Test...
[Mon Oct 31 10:39:35 MDT 2022] - INFO client.Proxy: 	Clear called
[Mon Oct 31 10:39:35 MDT 2022] - INFO client.Client: 	Post without Request Body called
[Mon Oct 31 10:39:35 MDT 2022] - INFO client.Client: 	Attempting to open connection to server
[Mon Oct 31 10:39:35 MDT 2022] - INFO client.Client: 	Connection opened to server
[Mon Oct 31 10:39:35 MDT 2022] - INFO client.Client: 	Setting passoffrequest method to POST
[Mon Oct 31 10:39:35 MDT 2022] - INFO client.Client: 	Request method set to POST
[Mon Oct 31 10:39:35 MDT 2022] - INFO client.Client: 	Setting Do Output to true
[Mon Oct 31 10:39:35 MDT 2022] - INFO client.Client: 	Do Output set to true
[Mon Oct 31 10:39:35 MDT 2022] - INFO client.Client: 	Connecting to server
[Mon Oct 31 10:39:35 MDT 2022] - INFO client.Client: 	Connected to server
[Mon Oct 31 10:39:35 MDT 2022] - INFO client.Client: 	Getting response code from server
[Mon Oct 31 10:39:44 MDT 2022] - INFO passoff.ServerTest: 	Setting up Event Wrong User Test...
[Mon Oct 31 10:39:44 MDT 2022] - INFO client.Proxy: 	Clear called
[Mon Oct 31 10:39:44 MDT 2022] - INFO client.Client: 	Post without Request Body called
[Mon Oct 31 10:39:44 MDT 2022] - INFO client.Client: 	Attempting to open connection to server
[Mon Oct 31 10:39:44 MDT 2022] - INFO client.Client: 	Connection opened to server
[Mon Oct 31 10:39:44 MDT 2022] - INFO client.Client: 	Setting passoffrequest method to POST
[Mon Oct 31 10:39:44 MDT 2022] - INFO client.Client: 	Request method set to POST
[Mon Oct 31 10:39:44 MDT 2022] - INFO client.Client: 	Setting Do Output to true
[Mon Oct 31 10:39:44 MDT 2022] - INFO client.Client: 	Do Output set to true
[Mon Oct 31 10:39:44 MDT 2022] - INFO client.Client: 	Connecting to server
[Mon Oct 31 10:39:44 MDT 2022] - INFO client.Client: 	Connected to server
[Mon Oct 31 10:39:44 MDT 2022] - INFO client.Client: 	Getting response code from server
[Mon Oct 31 10:39:53 MDT 2022] - INFO passoff.ServerTest: 	Setting up Realistic Fill Birth Test...
[Mon Oct 31 10:39:53 MDT 2022] - INFO client.Proxy: 	Clear called
[Mon Oct 31 10:39:53 MDT 2022] - INFO client.Client: 	Post without Request Body called
[Mon Oct 31 10:39:53 MDT 2022] - INFO client.Client: 	Attempting to open connection to server
[Mon Oct 31 10:39:53 MDT 2022] - INFO client.Client: 	Connection opened to server
[Mon Oct 31 10:39:53 MDT 2022] - INFO client.Client: 	Setting passoffrequest method to POST
[Mon Oct 31 10:39:53 MDT 2022] - INFO client.Client: 	Request method set to POST
[Mon Oct 31 10:39:53 MDT 2022] - INFO client.Client: 	Setting Do Output to true
[Mon Oct 31 10:39:53 MDT 2022] - INFO client.Client: 	Do Output set to true
[Mon Oct 31 10:39:53 MDT 2022] - INFO client.Client: 	Connecting to server
[Mon Oct 31 10:39:53 MDT 2022] - INFO client.Client: 	Connected to server
[Mon Oct 31 10:39:53 MDT 2022] - INFO client.Client: 	Getting response code from server
[Mon Oct 31 10:40:03 MDT 2022] - INFO passoff.ServerTest: 	Setting up Events Valid Test...
[Mon Oct 31 10:40:03 MDT 2022] - INFO client.Proxy: 	Clear called
[Mon Oct 31 10:40:03 MDT 2022] - INFO client.Client: 	Post without Request Body called
[Mon Oct 31 10:40:03 MDT 2022] - INFO client.Client: 	Attempting to open connection to server
[Mon Oct 31 10:40:03 MDT 2022] - INFO client.Client: 	Connection opened to server
[Mon Oct 31 10:40:03 MDT 2022] - INFO client.Client: 	Setting passoffrequest method to POST
[Mon Oct 31 10:40:03 MDT 2022] - INFO client.Client: 	Request method set to POST
[Mon Oct 31 10:40:03 MDT 2022] - INFO client.Client: 	Setting Do Output to true
[Mon Oct 31 10:40:03 MDT 2022] - INFO client.Client: 	Do Output set to true
[Mon Oct 31 10:40:03 MDT 2022] - INFO client.Client: 	Connecting to server
[Mon Oct 31 10:40:03 MDT 2022] - INFO client.Client: 	Connected to server
[Mon Oct 31 10:40:03 MDT 2022] - INFO client.Client: 	Getting response code from server
[Mon Oct 31 10:40:12 MDT 2022] - INFO passoff.ServerTest: 	Setting up Person Valid Test...
[Mon Oct 31 10:40:12 MDT 2022] - INFO client.Proxy: 	Clear called
[Mon Oct 31 10:40:12 MDT 2022] - INFO client.Client: 	Post without Request Body called
[Mon Oct 31 10:40:12 MDT 2022] - INFO client.Client: 	Attempting to open connection to server
[Mon Oct 31 10:40:12 MDT 2022] - INFO client.Client: 	Connection opened to server
[Mon Oct 31 10:40:12 MDT 2022] - INFO client.Client: 	Setting passoffrequest method to POST
[Mon Oct 31 10:40:12 MDT 2022] - INFO client.Client: 	Request method set to POST
[Mon Oct 31 10:40:12 MDT 2022] - INFO client.Client: 	Setting Do Output to true
[Mon Oct 31 10:40:12 MDT 2022] - INFO client.Client: 	Do Output set to true
[Mon Oct 31 10:40:12 MDT 2022] - INFO client.Client: 	Connecting to server
[Mon Oct 31 10:40:12 MDT 2022] - INFO client.Client: 	Connected to server
[Mon Oct 31 10:40:12 MDT 2022] - INFO client.Client: 	Getting response code from server
[Mon Oct 31 10:40:21 MDT 2022] - INFO passoff.ServerTest: 	Setting up Register Valid New User Test...
[Mon Oct 31 10:40:21 MDT 2022] - INFO client.Proxy: 	Clear called
[Mon Oct 31 10:40:21 MDT 2022] - INFO client.Client: 	Post without Request Body called
[Mon Oct 31 10:40:21 MDT 2022] - INFO client.Client: 	Attempting to open connection to server
[Mon Oct 31 10:40:21 MDT 2022] - INFO client.Client: 	Connection opened to server
[Mon Oct 31 10:40:21 MDT 2022] - INFO client.Client: 	Setting passoffrequest method to POST
[Mon Oct 31 10:40:21 MDT 2022] - INFO client.Client: 	Request method set to POST
[Mon Oct 31 10:40:21 MDT 2022] - INFO client.Client: 	Setting Do Output to true
[Mon Oct 31 10:40:21 MDT 2022] - INFO client.Client: 	Do Output set to true
[Mon Oct 31 10:40:21 MDT 2022] - INFO client.Client: 	Connecting to server
[Mon Oct 31 10:40:21 MDT 2022] - INFO client.Client: 	Connected to server
[Mon Oct 31 10:40:21 MDT 2022] - INFO client.Client: 	Getting response code from server
[Mon Oct 31 10:40:30 MDT 2022] - INFO passoff.ServerTest: 	Setting up File Handler 404 Test...
[Mon Oct 31 10:40:30 MDT 2022] - INFO client.Proxy: 	Clear called
[Mon Oct 31 10:40:30 MDT 2022] - INFO client.Client: 	Post without Request Body called
[Mon Oct 31 10:40:30 MDT 2022] - INFO client.Client: 	Attempting to open connection to server
[Mon Oct 31 10:40:30 MDT 2022] - INFO client.Client: 	Connection opened to server
[Mon Oct 31 10:40:30 MDT 2022] - INFO client.Client: 	Setting passoffrequest method to POST
[Mon Oct 31 10:40:30 MDT 2022] - INFO client.Client: 	Request method set to POST
[Mon Oct 31 10:40:30 MDT 2022] - INFO client.Client: 	Setting Do Output to true
[Mon Oct 31 10:40:30 MDT 2022] - INFO client.Client: 	Do Output set to true
[Mon Oct 31 10:40:30 MDT 2022] - INFO client.Client: 	Connecting to server
[Mon Oct 31 10:40:30 MDT 2022] - INFO client.Client: 	Connected to server
[Mon Oct 31 10:40:30 MDT 2022] - INFO client.Client: 	Getting response code from server
[Mon Oct 31 10:40:40 MDT 2022] - INFO passoff.ServerTest: 	Setting up File Handler Test...
[Mon Oct 31 10:40:40 MDT 2022] - INFO client.Proxy: 	Clear called
[Mon Oct 31 10:40:40 MDT 2022] - INFO client.Client: 	Post without Request Body called
[Mon Oct 31 10:40:40 MDT 2022] - INFO client.Client: 	Attempting to open connection to server
[Mon Oct 31 10:40:40 MDT 2022] - INFO client.Client: 	Connection opened to server
[Mon Oct 31 10:40:40 MDT 2022] - INFO client.Client: 	Setting passoffrequest method to POST
[Mon Oct 31 10:40:40 MDT 2022] - INFO client.Client: 	Request method set to POST
[Mon Oct 31 10:40:40 MDT 2022] - INFO client.Client: 	Setting Do Output to true
[Mon Oct 31 10:40:40 MDT 2022] - INFO client.Client: 	Do Output set to true
[Mon Oct 31 10:40:40 MDT 2022] - INFO client.Client: 	Connecting to server
[Mon Oct 31 10:40:40 MDT 2022] - INFO client.Client: 	Connected to server
[Mon Oct 31 10:40:40 MDT 2022] - INFO client.Client: 	Getting response code from server
[Mon Oct 31 10:40:49 MDT 2022] - INFO passoff.ServerTest: 	Setting up Persons Bad Auth Token Test...
[Mon Oct 31 10:40:49 MDT 2022] - INFO client.Proxy: 	Clear called
[Mon Oct 31 10:40:49 MDT 2022] - INFO client.Client: 	Post without Request Body called
[Mon Oct 31 10:40:49 MDT 2022] - INFO client.Client: 	Attempting to open connection to server
[Mon Oct 31 10:40:49 MDT 2022] - INFO client.Client: 	Connection opened to server
[Mon Oct 31 10:40:49 MDT 2022] - INFO client.Client: 	Setting passoffrequest method to POST
[Mon Oct 31 10:40:49 MDT 2022] - INFO client.Client: 	Request method set to POST
[Mon Oct 31 10:40:49 MDT 2022] - INFO client.Client: 	Setting Do Output to true
[Mon Oct 31 10:40:49 MDT 2022] - INFO client.Client: 	Do Output set to true
[Mon Oct 31 10:40:49 MDT 2022] - INFO client.Client: 	Connecting to server
[Mon Oct 31 10:40:49 MDT 2022] - INFO client.Client: 	Connected to server
[Mon Oct 31 10:40:49 MDT 2022] - INFO client.Client: 	Getting response code from server
[Mon Oct 31 10:40:58 MDT 2022] - INFO passoff.ServerTest: 	Setting up Fill Does Not Affect Other Users Test...
[Mon Oct 31 10:40:58 MDT 2022] - INFO client.Proxy: 	Clear called
[Mon Oct 31 10:40:58 MDT 2022] - INFO client.Client: 	Post without Request Body called
[Mon Oct 31 10:40:58 MDT 2022] - INFO client.Client: 	Attempting to open connection to server
[Mon Oct 31 10:40:58 MDT 2022] - INFO client.Client: 	Connection opened to server
[Mon Oct 31 10:40:58 MDT 2022] - INFO client.Client: 	Setting passoffrequest method to POST
[Mon Oct 31 10:40:58 MDT 2022] - INFO client.Client: 	Request method set to POST
[Mon Oct 31 10:40:58 MDT 2022] - INFO client.Client: 	Setting Do Output to true
[Mon Oct 31 10:40:58 MDT 2022] - INFO client.Client: 	Do Output set to true
[Mon Oct 31 10:40:58 MDT 2022] - INFO client.Client: 	Connecting to server
[Mon Oct 31 10:40:58 MDT 2022] - INFO client.Client: 	Connected to server
[Mon Oct 31 10:40:58 MDT 2022] - INFO client.Client: 	Getting response code from server
[Mon Oct 31 10:41:07 MDT 2022] - INFO passoff.ServerTest: 	Setting up Login Valid User Test...
[Mon Oct 31 10:41:07 MDT 2022] - INFO client.Proxy: 	Clear called
[Mon Oct 31 10:41:07 MDT 2022] - INFO client.Client: 	Post without Request Body called
[Mon Oct 31 10:41:07 MDT 2022] - INFO client.Client: 	Attempting to open connection to server
[Mon Oct 31 10:41:07 MDT 2022] - INFO client.Client: 	Connection opened to server
[Mon Oct 31 10:41:07 MDT 2022] - INFO client.Client: 	Setting passoffrequest method to POST
[Mon Oct 31 10:41:07 MDT 2022] - INFO client.Client: 	Request method set to POST
[Mon Oct 31 10:41:07 MDT 2022] - INFO client.Client: 	Setting Do Output to true
[Mon Oct 31 10:41:07 MDT 2022] - INFO client.Client: 	Do Output set to true
[Mon Oct 31 10:41:07 MDT 2022] - INFO client.Client: 	Connecting to server
[Mon Oct 31 10:41:07 MDT 2022] - INFO client.Client: 	Connected to server
[Mon Oct 31 10:41:07 MDT 2022] - INFO client.Client: 	Getting response code from server
